BarcodeWidgetF102/app/build/intermediates/manifest_merge_blame_file/debug/manifest-merger-blame-debug-report.txt
1<?xml version="1.0" encoding="utf-8"?>
2<manifest xmlns:android="http://schemas.android.com/apk/res/android"
3    package="com.example.barcodewidgetf10"
4    android:versionCode="1"
5    android:versionName="1.0" >
6
7    <uses-sdk
8        android:minSdkVersion="15"
8-->src\main\AndroidManifest.xml
9        android:targetSdkVersion="29" />
9-->src\main\AndroidManifest.xml
10
11    <uses-permission android:name="android.permission.CAMERA" /> <!-- Don't require camera, as this requires a rear camera. This allows it to work on the Nexus 7 -->
11-->[com.journeyapps:zxing-android-embedded:3.6.0] AndroidManifest.xml:22:5-65
11-->[com.journeyapps:zxing-android-embedded:3.6.0] AndroidManifest.xml:22:22-62
12    <uses-feature
12-->[com.journeyapps:zxing-android-embedded:3.6.0] AndroidManifest.xml:25:5-27:36
13        android:name="android.hardware.camera"
13-->[com.journeyapps:zxing-android-embedded:3.6.0] AndroidManifest.xml:26:9-47
14        android:required="false" />
14-->[com.journeyapps:zxing-android-embedded:3.6.0] AndroidManifest.xml:27:9-33
15    <uses-feature
15-->[com.journeyapps:zxing-android-embedded:3.6.0] AndroidManifest.xml:28:5-30:36
16        android:name="android.hardware.camera.front"
16-->[com.journeyapps:zxing-android-embedded:3.6.0] AndroidManifest.xml:29:9-53
17        android:required="false" /> <!-- TODO replace above two with next line after Android 4.2 -->
17-->[com.journeyapps:zxing-android-embedded:3.6.0] AndroidManifest.xml:30:9-33
18    <!-- <uses-feature android:name="android.hardware.camera.any"/> -->
19    <uses-feature
19-->[com.journeyapps:zxing-android-embedded:3.6.0] AndroidManifest.xml:33:5-35:36
20        android:name="android.hardware.camera.autofocus"
20-->[com.journeyapps:zxing-android-embedded:3.6.0] AndroidManifest.xml:34:9-57
21        android:required="false" />
21-->[com.journeyapps:zxing-android-embedded:3.6.0] AndroidManifest.xml:35:9-33
22    <uses-feature
22-->[com.journeyapps:zxing-android-embedded:3.6.0] AndroidManifest.xml:36:5-38:36
23        android:name="android.hardware.camera.flash"
23-->[com.journeyapps:zxing-android-embedded:3.6.0] AndroidManifest.xml:37:9-53
24        android:required="false" />
24-->[com.journeyapps:zxing-android-embedded:3.6.0] AndroidManifest.xml:38:9-33
25    <uses-feature
25-->[com.journeyapps:zxing-android-embedded:3.6.0] AndroidManifest.xml:39:5-41:36
26        android:name="android.hardware.screen.landscape"
26-->[com.journeyapps:zxing-android-embedded:3.6.0] AndroidManifest.xml:40:9-57
27        android:required="false" />
27-->[com.journeyapps:zxing-android-embedded:3.6.0] AndroidManifest.xml:41:9-33
28    <uses-feature
28-->[com.journeyapps:zxing-android-embedded:3.6.0] AndroidManifest.xml:42:5-44:36
29        android:name="android.hardware.wifi"
29-->[com.journeyapps:zxing-android-embedded:3.6.0] AndroidManifest.xml:43:9-45
30        android:required="false" />
30-->[com.journeyapps:zxing-android-embedded:3.6.0] AndroidManifest.xml:44:9-33
31
32    <application
32-->src\main\AndroidManifest.xml:5:5-26:19
33        android:allowBackup="true"
33-->src\main\AndroidManifest.xml:6:9-35
34        android:appComponentFactory="androidx.core.app.CoreComponentFactory"
34-->[androidx.core:core:1.0.1] AndroidManifest.xml:22:18-86
35        android:debuggable="true"
36        android:hardwareAccelerated="true"
36-->src\main\AndroidManifest.xml:7:9-43
37        android:icon="@mipmap/ic_launcher"
37-->src\main\AndroidManifest.xml:8:9-43
38        android:label="Barcode Widget"
38-->src\main\AndroidManifest.xml:9:9-39
39        android:roundIcon="@mipmap/ic_launcher_round"
39-->src\main\AndroidManifest.xml:10:9-54
40        android:supportsRtl="true"
40-->src\main\AndroidManifest.xml:11:9-35
41        android:theme="@style/AppTheme" >
41-->src\main\AndroidManifest.xml:12:9-40
42        <activity
42-->src\main\AndroidManifest.xml:13:9-21:20
43            android:name="com.example.barcodewidgetf10.SplashActivity"
43-->src\main\AndroidManifest.xml:14:13-43
44            android:theme="@style/AppTheme" >
44-->src\main\AndroidManifest.xml:15:13-44
45            <intent-filter>
45-->src\main\AndroidManifest.xml:16:13-20:29
46                <action android:name="android.intent.action.MAIN" />
46-->src\main\AndroidManifest.xml:17:17-69
46-->src\main\AndroidManifest.xml:17:25-66
47
48                <category android:name="android.intent.category.LAUNCHER" />
48-->src\main\AndroidManifest.xml:19:17-77
48-->src\main\AndroidManifest.xml:19:27-74
49            </intent-filter>
50        </activity>
51        <activity android:name="com.example.barcodewidgetf10.ScanQR" />
51-->src\main\AndroidManifest.xml:23:9-53
51-->src\main\AndroidManifest.xml:23:19-41
52        <activity android:name="com.example.barcodewidgetf10.MainActivity" />
52-->src\main\AndroidManifest.xml:25:9-59
52-->src\main\AndroidManifest.xml:25:19-47
53        <activity
53-->[com.journeyapps:zxing-android-embedded:3.6.0] AndroidManifest.xml:47:9-53:63
54            android:name="com.journeyapps.barcodescanner.CaptureActivity"
54-->[com.journeyapps:zxing-android-embedded:3.6.0] AndroidManifest.xml:48:13-74
55            android:clearTaskOnLaunch="true"
55-->[com.journeyapps:zxing-android-embedded:3.6.0] AndroidManifest.xml:49:13-45
56            android:screenOrientation="sensorLandscape"
56-->[com.journeyapps:zxing-android-embedded:3.6.0] AndroidManifest.xml:50:13-56
57            android:stateNotNeeded="true"
57-->[com.journeyapps:zxing-android-embedded:3.6.0] AndroidManifest.xml:51:13-42
58            android:theme="@style/zxing_CaptureTheme"
58-->[com.journeyapps:zxing-android-embedded:3.6.0] AndroidManifest.xml:52:13-54
59            android:windowSoftInputMode="stateAlwaysHidden" />
59-->[com.journeyapps:zxing-android-embedded:3.6.0] AndroidManifest.xml:53:13-60
60    </application>
61
62</manifest>